2026-05-12 13:29:38,847 DEBUG    root            Loaded Command Group: ['gcloud', 'components']
2026-05-12 13:29:38,880 DEBUG    root            Loaded Command Group: ['gcloud', 'components', 'update']
2026-05-12 13:29:38,882 DEBUG    root            Running [gcloud.components.update] with arguments: [--quiet: "True", COMPONENT-IDS:8: "['gcloud', 'core', 'bq', 'gsutil', 'compute', 'preview', 'alpha', 'beta']"]
2026-05-12 13:29:38,883 DEBUG    root            On GCE from disk cache: False
2026-05-12 13:29:38,884 INFO     ___FILE_ONLY___ Beginning update. This process may take several minutes.

2026-05-12 13:29:38,885 DEBUG    root            On GCE from memory cache: False
2026-05-12 13:29:38,888 DEBUG    root            On GCE from memory cache: False
2026-05-12 13:29:38,891 DEBUG    urllib3.connectionpool Starting new HTTPS connection (1): dl.google.com:443
2026-05-12 13:29:38,964 DEBUG    urllib3.connectionpool https://dl.google.com:443 "GET /dl/cloudsdk/channels/rapid/components-2.json HTTP/1.1" 200 25078
2026-05-12 13:29:38,977 WARNING  root            Component [compute] no longer exists.
2026-05-12 13:29:38,978 INFO     ___FILE_ONLY___ 

2026-05-12 13:29:38,978 INFO     ___FILE_ONLY___ 
Your current Google Cloud CLI version is: 568.0.0

2026-05-12 13:29:38,978 INFO     ___FILE_ONLY___ Installing components from version: 568.0.0

2026-05-12 13:29:38,979 INFO     ___FILE_ONLY___ 

2026-05-12 13:29:38,979 DEBUG    root            Chosen display Format:table[box,title="These components will be removed."](details.display_name:label=Name:align=left,version.version_string:label=Version:align=right,data.size.size(zero="",min=1048576):label=Size:align=right)
2026-05-12 13:29:38,980 DEBUG    root            Chosen display Format:table[box,title="These components will be updated."](details.display_name:label=Name:align=left,version.version_string:label=Version:align=right,data.size.size(zero="",min=1048576):label=Size:align=right)
2026-05-12 13:29:38,981 DEBUG    root            Chosen display Format:table[box,title="These components will be installed."](details.display_name:label=Name:align=left,version.version_string:label=Version:align=right,data.size.size(zero="",min=1048576):label=Size:align=right)
2026-05-12 13:29:38,999 INFO     ___FILE_ONLY___ ┌────────────────────────────────────────────────┐
2026-05-12 13:29:38,999 INFO     ___FILE_ONLY___ 

2026-05-12 13:29:38,999 INFO     ___FILE_ONLY___ │      These components will be installed.       │
2026-05-12 13:29:38,999 INFO     ___FILE_ONLY___ 

2026-05-12 13:29:38,999 INFO     ___FILE_ONLY___ ├─────────────────────────┬────────────┬─────────┤
2026-05-12 13:29:39,000 INFO     ___FILE_ONLY___ 

2026-05-12 13:29:39,000 INFO     ___FILE_ONLY___ │           Name          │  Version   │   Size  │
2026-05-12 13:29:39,000 INFO     ___FILE_ONLY___ 

2026-05-12 13:29:39,000 INFO     ___FILE_ONLY___ ├─────────────────────────┼────────────┼─────────┤
2026-05-12 13:29:39,000 INFO     ___FILE_ONLY___ 

2026-05-12 13:29:39,000 INFO     ___FILE_ONLY___ │ 
2026-05-12 13:29:39,000 INFO     ___FILE_ONLY___ gcloud Alpha Commands  
2026-05-12 13:29:39,000 INFO     ___FILE_ONLY___  
2026-05-12 13:29:39,000 INFO     ___FILE_ONLY___ │ 
2026-05-12 13:29:39,000 INFO     ___FILE_ONLY___ 2026.05.08
2026-05-12 13:29:39,000 INFO     ___FILE_ONLY___  
2026-05-12 13:29:39,001 INFO     ___FILE_ONLY___ │ 
2026-05-12 13:29:39,001 INFO     ___FILE_ONLY___ < 1 MiB
2026-05-12 13:29:39,001 INFO     ___FILE_ONLY___  
2026-05-12 13:29:39,001 INFO     ___FILE_ONLY___ │
2026-05-12 13:29:39,001 INFO     ___FILE_ONLY___ 

2026-05-12 13:29:39,001 INFO     ___FILE_ONLY___ │ 
2026-05-12 13:29:39,001 INFO     ___FILE_ONLY___ gcloud Beta Commands   
2026-05-12 13:29:39,001 INFO     ___FILE_ONLY___  
2026-05-12 13:29:39,001 INFO     ___FILE_ONLY___ │ 
2026-05-12 13:29:39,002 INFO     ___FILE_ONLY___ 2026.05.08
2026-05-12 13:29:39,002 INFO     ___FILE_ONLY___  
2026-05-12 13:29:39,002 INFO     ___FILE_ONLY___ │ 
2026-05-12 13:29:39,002 INFO     ___FILE_ONLY___ < 1 MiB
2026-05-12 13:29:39,002 INFO     ___FILE_ONLY___  
2026-05-12 13:29:39,002 INFO     ___FILE_ONLY___ │
2026-05-12 13:29:39,002 INFO     ___FILE_ONLY___ 

2026-05-12 13:29:39,002 INFO     ___FILE_ONLY___ │ 
2026-05-12 13:29:39,002 INFO     ___FILE_ONLY___ gcloud Preview Commands
2026-05-12 13:29:39,003 INFO     ___FILE_ONLY___  
2026-05-12 13:29:39,003 INFO     ___FILE_ONLY___ │ 
2026-05-12 13:29:39,003 INFO     ___FILE_ONLY___ 2026.05.08
2026-05-12 13:29:39,003 INFO     ___FILE_ONLY___  
2026-05-12 13:29:39,003 INFO     ___FILE_ONLY___ │ 
2026-05-12 13:29:39,003 INFO     ___FILE_ONLY___ < 1 MiB
2026-05-12 13:29:39,003 INFO     ___FILE_ONLY___  
2026-05-12 13:29:39,003 INFO     ___FILE_ONLY___ │
2026-05-12 13:29:39,003 INFO     ___FILE_ONLY___ 

2026-05-12 13:29:39,003 INFO     ___FILE_ONLY___ └─────────────────────────┴────────────┴─────────┘
2026-05-12 13:29:39,004 INFO     ___FILE_ONLY___ 

2026-05-12 13:29:39,004 INFO     ___FILE_ONLY___ 

2026-05-12 13:29:39,005 DEBUG    root            On GCE from memory cache: False
2026-05-12 13:29:39,007 DEBUG    root            On GCE from memory cache: False
2026-05-12 13:29:39,008 DEBUG    urllib3.connectionpool Starting new HTTPS connection (1): dl.google.com:443
2026-05-12 13:29:39,082 DEBUG    urllib3.connectionpool https://dl.google.com:443 "GET /dl/cloudsdk/channels/rapid/RELEASE_NOTES HTTP/1.1" 200 363271
2026-05-12 13:29:39,646 INFO     ___FILE_ONLY___ For the latest full release notes, please visit:
  https://cloud.google.com/sdk/release_notes


2026-05-12 13:29:39,647 INFO     ___FILE_ONLY___ Performing in place update...


2026-05-12 13:29:39,649 INFO     ___FILE_ONLY___ ╔════════════════════════════════════════════════════════════╗

2026-05-12 13:29:39,649 INFO     ___FILE_ONLY___ ╠═ Downloading: gcloud Alpha Commands                       ═╣

2026-05-12 13:29:39,649 INFO     ___FILE_ONLY___ ╚
2026-05-12 13:29:39,651 DEBUG    root            On GCE from memory cache: False
2026-05-12 13:29:39,653 DEBUG    root            On GCE from memory cache: False
2026-05-12 13:29:39,654 DEBUG    urllib3.connectionpool Starting new HTTPS connection (1): dl.google.com:443
2026-05-12 13:29:39,725 DEBUG    urllib3.connectionpool https://dl.google.com:443 "GET /dl/cloudsdk/channels/rapid/components/google-cloud-sdk-alpha-20260508041647.tar.gz HTTP/1.1" 200 761
2026-05-12 13:29:39,726 INFO     ___FILE_ONLY___ ════════════════════════════════════════════════════════════
2026-05-12 13:29:39,726 INFO     ___FILE_ONLY___ ╝

2026-05-12 13:29:39,728 INFO     ___FILE_ONLY___ ╔════════════════════════════════════════════════════════════╗

2026-05-12 13:29:39,728 INFO     ___FILE_ONLY___ ╠═ Downloading: gcloud Beta Commands                        ═╣

2026-05-12 13:29:39,729 INFO     ___FILE_ONLY___ ╚
2026-05-12 13:29:39,730 DEBUG    root            On GCE from memory cache: False
2026-05-12 13:29:39,733 DEBUG    root            On GCE from memory cache: False
2026-05-12 13:29:39,734 DEBUG    urllib3.connectionpool Starting new HTTPS connection (1): dl.google.com:443
2026-05-12 13:29:39,805 DEBUG    urllib3.connectionpool https://dl.google.com:443 "GET /dl/cloudsdk/channels/rapid/components/google-cloud-sdk-beta-20260508041647.tar.gz HTTP/1.1" 200 758
2026-05-12 13:29:39,805 INFO     ___FILE_ONLY___ ════════════════════════════════════════════════════════════
2026-05-12 13:29:39,806 INFO     ___FILE_ONLY___ ╝

2026-05-12 13:29:39,808 INFO     ___FILE_ONLY___ ╔════════════════════════════════════════════════════════════╗

2026-05-12 13:29:39,808 INFO     ___FILE_ONLY___ ╠═ Downloading: gcloud Preview Commands                     ═╣

2026-05-12 13:29:39,808 INFO     ___FILE_ONLY___ ╚
2026-05-12 13:29:39,810 DEBUG    root            On GCE from memory cache: False
2026-05-12 13:29:39,812 DEBUG    root            On GCE from memory cache: False
2026-05-12 13:29:39,813 DEBUG    urllib3.connectionpool Starting new HTTPS connection (1): dl.google.com:443
2026-05-12 13:29:40,134 DEBUG    urllib3.connectionpool https://dl.google.com:443 "GET /dl/cloudsdk/channels/rapid/components/google-cloud-sdk-preview-20260508041647.tar.gz HTTP/1.1" 200 782
2026-05-12 13:29:40,134 INFO     ___FILE_ONLY___ ════════════════════════════════════════════════════════════
2026-05-12 13:29:40,135 INFO     ___FILE_ONLY___ ╝

2026-05-12 13:29:40,136 INFO     ___FILE_ONLY___ ╔════════════════════════════════════════════════════════════╗

2026-05-12 13:29:40,137 INFO     ___FILE_ONLY___ ╠═ Installing: gcloud Alpha Commands                        ═╣

2026-05-12 13:29:40,137 INFO     ___FILE_ONLY___ ╚
2026-05-12 13:29:40,138 INFO     ___FILE_ONLY___ ════════════════════════════════════════════════════════════
2026-05-12 13:29:40,139 INFO     ___FILE_ONLY___ ╝

2026-05-12 13:29:40,146 INFO     ___FILE_ONLY___ ╔════════════════════════════════════════════════════════════╗

2026-05-12 13:29:40,146 INFO     ___FILE_ONLY___ ╠═ Installing: gcloud Beta Commands                         ═╣

2026-05-12 13:29:40,147 INFO     ___FILE_ONLY___ ╚
2026-05-12 13:29:40,147 INFO     ___FILE_ONLY___ ════════════════════════════════════════════════════════════
2026-05-12 13:29:40,147 INFO     ___FILE_ONLY___ ╝

2026-05-12 13:29:40,151 INFO     ___FILE_ONLY___ ╔════════════════════════════════════════════════════════════╗

2026-05-12 13:29:40,151 INFO     ___FILE_ONLY___ ╠═ Installing: gcloud Preview Commands                      ═╣

2026-05-12 13:29:40,152 INFO     ___FILE_ONLY___ ╚
2026-05-12 13:29:40,152 INFO     ___FILE_ONLY___ ════════════════════════════════════════════════════════════
2026-05-12 13:29:40,153 INFO     ___FILE_ONLY___ ╝

2026-05-12 13:29:40,160 DEBUG    root            Updating notification cache...
2026-05-12 13:29:40,161 INFO     ___FILE_ONLY___ 

2026-05-12 13:29:40,163 INFO     ___FILE_ONLY___ Performing post processing steps...
2026-05-12 13:29:40,163 DEBUG    root            Executing command: ['/tools/google-cloud-sdk/bin/gcloud', 'components', 'post-process']
2026-05-12 13:29:50,634 DEBUG    ___FILE_ONLY___ 
2026-05-12 13:29:50,634 DEBUG    ___FILE_ONLY___ 
2026-05-12 13:29:50,700 INFO     root            descriptor_list: [{'universeDomain': 'googleapis.com', 'universeShortName': '', 'authenticationDomain': 'auth.cloud.google.com', 'projectPrefix': '', 'cloudWebDomain': 'cloud.google.com', 'documentationDomain': 'cloud.google.com', 'version': '1.0.0', 'state': 'primary', 'artifactRegistryDomain': 'pkg.dev'}]
2026-05-12 13:29:50,701 INFO     ___FILE_ONLY___ 
Update done!


2026-05-12 13:29:50,705 DEBUG    root            Chosen display Format:none
2026-05-12 13:29:50,705 INFO     root            Display format: "none"
