2026-05-12 13:29:07,076 DEBUG    root            Failed to read GCE cache file: [Errno 2] No such file or directory: '/content/.config/gce'
2026-05-12 13:29:19,099 DEBUG    root            Failed to check metadata server: <urlopen error timed out>
2026-05-12 13:29:19,099 DEBUG    root            On GCE from server: False
2026-05-12 13:29:19,103 DEBUG    root            Loaded Command Group: ['gcloud', 'components']
2026-05-12 13:29:19,108 DEBUG    root            Loaded Command Group: ['gcloud', 'components', 'update']
2026-05-12 13:29:19,111 DEBUG    root            Running [gcloud.components.update] with arguments: [--compile-python: "True", --quiet: "True", COMPONENT-IDS:6: "['core', 'gcloud-deps', 'bq', 'gcloud', 'gcloud-crc32c', 'gsutil']"]
2026-05-12 13:29:19,112 INFO     ___FILE_ONLY___ Beginning update. This process may take several minutes.

2026-05-12 13:29:19,134 DEBUG    root            On GCE from memory cache: False
2026-05-12 13:29:19,137 DEBUG    root            On GCE from memory cache: False
2026-05-12 13:29:19,141 DEBUG    urllib3.connectionpool Starting new HTTPS connection (1): dl.google.com:443
2026-05-12 13:29:19,384 DEBUG    urllib3.connectionpool https://dl.google.com:443 "GET /dl/cloudsdk/channels/rapid/components-2.json HTTP/1.1" 200 25078
2026-05-12 13:29:19,404 INFO     ___FILE_ONLY___ 

2026-05-12 13:29:19,405 INFO     ___FILE_ONLY___ 
Your current Google Cloud CLI version is: 568.0.0

2026-05-12 13:29:19,405 INFO     ___FILE_ONLY___ Installing components from version: 568.0.0

2026-05-12 13:29:19,405 INFO     ___FILE_ONLY___ 

2026-05-12 13:29:19,405 DEBUG    root            Chosen display Format:table[box,title="These components will be removed."](details.display_name:label=Name:align=left,version.version_string:label=Version:align=right,data.size.size(zero="",min=1048576):label=Size:align=right)
2026-05-12 13:29:19,406 DEBUG    root            Chosen display Format:table[box,title="These components will be updated."](details.display_name:label=Name:align=left,version.version_string:label=Version:align=right,data.size.size(zero="",min=1048576):label=Size:align=right)
2026-05-12 13:29:19,407 DEBUG    root            Chosen display Format:table[box,title="These components will be installed."](details.display_name:label=Name:align=left,version.version_string:label=Version:align=right,data.size.size(zero="",min=1048576):label=Size:align=right)
2026-05-12 13:29:19,475 INFO     ___FILE_ONLY___ ┌─────────────────────────────────────────────────────────────────────────────┐
2026-05-12 13:29:19,475 INFO     ___FILE_ONLY___ 

2026-05-12 13:29:19,475 INFO     ___FILE_ONLY___ │                     These components will be installed.                     │
2026-05-12 13:29:19,476 INFO     ___FILE_ONLY___ 

2026-05-12 13:29:19,476 INFO     ___FILE_ONLY___ ├─────────────────────────────────────────────────────┬────────────┬──────────┤
2026-05-12 13:29:19,476 INFO     ___FILE_ONLY___ 

2026-05-12 13:29:19,476 INFO     ___FILE_ONLY___ │                         Name                        │  Version   │   Size   │
2026-05-12 13:29:19,476 INFO     ___FILE_ONLY___ 

2026-05-12 13:29:19,476 INFO     ___FILE_ONLY___ ├─────────────────────────────────────────────────────┼────────────┼──────────┤
2026-05-12 13:29:19,476 INFO     ___FILE_ONLY___ 

2026-05-12 13:29:19,476 INFO     ___FILE_ONLY___ │ 
2026-05-12 13:29:19,476 INFO     ___FILE_ONLY___ BigQuery Command Line Tool                         
2026-05-12 13:29:19,476 INFO     ___FILE_ONLY___  
2026-05-12 13:29:19,476 INFO     ___FILE_ONLY___ │ 
2026-05-12 13:29:19,476 INFO     ___FILE_ONLY___     2.1.31
2026-05-12 13:29:19,477 INFO     ___FILE_ONLY___  
2026-05-12 13:29:19,477 INFO     ___FILE_ONLY___ │ 
2026-05-12 13:29:19,477 INFO     ___FILE_ONLY___  1.8 MiB
2026-05-12 13:29:19,477 INFO     ___FILE_ONLY___  
2026-05-12 13:29:19,477 INFO     ___FILE_ONLY___ │
2026-05-12 13:29:19,477 INFO     ___FILE_ONLY___ 

2026-05-12 13:29:19,477 INFO     ___FILE_ONLY___ │ 
2026-05-12 13:29:19,477 INFO     ___FILE_ONLY___ BigQuery Command Line Tool (Platform Specific)     
2026-05-12 13:29:19,477 INFO     ___FILE_ONLY___  
2026-05-12 13:29:19,477 INFO     ___FILE_ONLY___ │ 
2026-05-12 13:29:19,477 INFO     ___FILE_ONLY___     2.1.31
2026-05-12 13:29:19,477 INFO     ___FILE_ONLY___  
2026-05-12 13:29:19,478 INFO     ___FILE_ONLY___ │ 
2026-05-12 13:29:19,478 INFO     ___FILE_ONLY___  < 1 MiB
2026-05-12 13:29:19,478 INFO     ___FILE_ONLY___  
2026-05-12 13:29:19,478 INFO     ___FILE_ONLY___ │
2026-05-12 13:29:19,478 INFO     ___FILE_ONLY___ 

2026-05-12 13:29:19,478 INFO     ___FILE_ONLY___ │ 
2026-05-12 13:29:19,478 INFO     ___FILE_ONLY___ Bundled Python 3.14 (Platform Specific)            
2026-05-12 13:29:19,478 INFO     ___FILE_ONLY___  
2026-05-12 13:29:19,478 INFO     ___FILE_ONLY___ │ 
2026-05-12 13:29:19,478 INFO     ___FILE_ONLY___     3.14.4
2026-05-12 13:29:19,478 INFO     ___FILE_ONLY___  
2026-05-12 13:29:19,479 INFO     ___FILE_ONLY___ │ 
2026-05-12 13:29:19,479 INFO     ___FILE_ONLY___ 25.9 MiB
2026-05-12 13:29:19,479 INFO     ___FILE_ONLY___  
2026-05-12 13:29:19,479 INFO     ___FILE_ONLY___ │
2026-05-12 13:29:19,479 INFO     ___FILE_ONLY___ 

2026-05-12 13:29:19,479 INFO     ___FILE_ONLY___ │ 
2026-05-12 13:29:19,479 INFO     ___FILE_ONLY___ Cloud Storage Command Line Tool                    
2026-05-12 13:29:19,479 INFO     ___FILE_ONLY___  
2026-05-12 13:29:19,479 INFO     ___FILE_ONLY___ │ 
2026-05-12 13:29:19,479 INFO     ___FILE_ONLY___       5.37
2026-05-12 13:29:19,479 INFO     ___FILE_ONLY___  
2026-05-12 13:29:19,479 INFO     ___FILE_ONLY___ │ 
2026-05-12 13:29:19,479 INFO     ___FILE_ONLY___ 12.4 MiB
2026-05-12 13:29:19,480 INFO     ___FILE_ONLY___  
2026-05-12 13:29:19,480 INFO     ___FILE_ONLY___ │
2026-05-12 13:29:19,480 INFO     ___FILE_ONLY___ 

2026-05-12 13:29:19,480 INFO     ___FILE_ONLY___ │ 
2026-05-12 13:29:19,480 INFO     ___FILE_ONLY___ Cloud Storage Command Line Tool (Platform Specific)
2026-05-12 13:29:19,480 INFO     ___FILE_ONLY___  
2026-05-12 13:29:19,480 INFO     ___FILE_ONLY___ │ 
2026-05-12 13:29:19,480 INFO     ___FILE_ONLY___       5.36
2026-05-12 13:29:19,480 INFO     ___FILE_ONLY___  
2026-05-12 13:29:19,480 INFO     ___FILE_ONLY___ │ 
2026-05-12 13:29:19,480 INFO     ___FILE_ONLY___  < 1 MiB
2026-05-12 13:29:19,480 INFO     ___FILE_ONLY___  
2026-05-12 13:29:19,481 INFO     ___FILE_ONLY___ │
2026-05-12 13:29:19,481 INFO     ___FILE_ONLY___ 

2026-05-12 13:29:19,481 INFO     ___FILE_ONLY___ │ 
2026-05-12 13:29:19,481 INFO     ___FILE_ONLY___ Google Cloud CLI Core Libraries (Platform Specific)
2026-05-12 13:29:19,481 INFO     ___FILE_ONLY___  
2026-05-12 13:29:19,481 INFO     ___FILE_ONLY___ │ 
2026-05-12 13:29:19,481 INFO     ___FILE_ONLY___ 2026.04.24
2026-05-12 13:29:19,481 INFO     ___FILE_ONLY___  
2026-05-12 13:29:19,481 INFO     ___FILE_ONLY___ │ 
2026-05-12 13:29:19,481 INFO     ___FILE_ONLY___  < 1 MiB
2026-05-12 13:29:19,481 INFO     ___FILE_ONLY___  
2026-05-12 13:29:19,481 INFO     ___FILE_ONLY___ │
2026-05-12 13:29:19,481 INFO     ___FILE_ONLY___ 

2026-05-12 13:29:19,482 INFO     ___FILE_ONLY___ │ 
2026-05-12 13:29:19,482 INFO     ___FILE_ONLY___ Google Cloud CRC32C Hash Tool (Platform Specific)  
2026-05-12 13:29:19,482 INFO     ___FILE_ONLY___  
2026-05-12 13:29:19,482 INFO     ___FILE_ONLY___ │ 
2026-05-12 13:29:19,482 INFO     ___FILE_ONLY___      1.0.0
2026-05-12 13:29:19,482 INFO     ___FILE_ONLY___  
2026-05-12 13:29:19,482 INFO     ___FILE_ONLY___ │ 
2026-05-12 13:29:19,482 INFO     ___FILE_ONLY___  1.5 MiB
2026-05-12 13:29:19,482 INFO     ___FILE_ONLY___  
2026-05-12 13:29:19,482 INFO     ___FILE_ONLY___ │
2026-05-12 13:29:19,482 INFO     ___FILE_ONLY___ 

2026-05-12 13:29:19,482 INFO     ___FILE_ONLY___ │ 
2026-05-12 13:29:19,483 INFO     ___FILE_ONLY___ gcloud cli dependencies (Platform Specific)        
2026-05-12 13:29:19,483 INFO     ___FILE_ONLY___  
2026-05-12 13:29:19,483 INFO     ___FILE_ONLY___ │ 
2026-05-12 13:29:19,483 INFO     ___FILE_ONLY___ 2021.04.16
2026-05-12 13:29:19,483 INFO     ___FILE_ONLY___  
2026-05-12 13:29:19,483 INFO     ___FILE_ONLY___ │ 
2026-05-12 13:29:19,483 INFO     ___FILE_ONLY___  < 1 MiB
2026-05-12 13:29:19,483 INFO     ___FILE_ONLY___  
2026-05-12 13:29:19,483 INFO     ___FILE_ONLY___ │
2026-05-12 13:29:19,483 INFO     ___FILE_ONLY___ 

2026-05-12 13:29:19,483 INFO     ___FILE_ONLY___ └─────────────────────────────────────────────────────┴────────────┴──────────┘
2026-05-12 13:29:19,483 INFO     ___FILE_ONLY___ 

2026-05-12 13:29:19,484 INFO     ___FILE_ONLY___ 

2026-05-12 13:29:19,485 DEBUG    root            On GCE from memory cache: False
2026-05-12 13:29:19,487 DEBUG    root            On GCE from memory cache: False
2026-05-12 13:29:19,488 DEBUG    urllib3.connectionpool Starting new HTTPS connection (1): dl.google.com:443
2026-05-12 13:29:19,720 DEBUG    urllib3.connectionpool https://dl.google.com:443 "GET /dl/cloudsdk/channels/rapid/RELEASE_NOTES HTTP/1.1" 200 363271
2026-05-12 13:29:20,411 INFO     ___FILE_ONLY___ For the latest full release notes, please visit:
  https://cloud.google.com/sdk/release_notes


2026-05-12 13:29:20,411 INFO     ___FILE_ONLY___ Performing in place update...


2026-05-12 13:29:20,414 INFO     ___FILE_ONLY___ ╔════════════════════════════════════════════════════════════╗

2026-05-12 13:29:20,414 INFO     ___FILE_ONLY___ ╠═ Downloading: BigQuery Command Line Tool                  ═╣

2026-05-12 13:29:20,414 INFO     ___FILE_ONLY___ ╚
2026-05-12 13:29:20,415 DEBUG    root            On GCE from memory cache: False
2026-05-12 13:29:20,417 DEBUG    root            On GCE from memory cache: False
2026-05-12 13:29:20,418 DEBUG    urllib3.connectionpool Starting new HTTPS connection (1): dl.google.com:443
2026-05-12 13:29:20,493 DEBUG    urllib3.connectionpool https://dl.google.com:443 "GET /dl/cloudsdk/channels/rapid/components/google-cloud-sdk-bq-20260327141905.tar.gz HTTP/1.1" 200 1931708
2026-05-12 13:29:20,508 INFO     ___FILE_ONLY___ ═
2026-05-12 13:29:20,508 INFO     ___FILE_ONLY___ ═
2026-05-12 13:29:20,508 INFO     ___FILE_ONLY___ ═
2026-05-12 13:29:20,508 INFO     ___FILE_ONLY___ ═
2026-05-12 13:29:20,508 INFO     ___FILE_ONLY___ ═
2026-05-12 13:29:20,508 INFO     ___FILE_ONLY___ ═
2026-05-12 13:29:20,509 INFO     ___FILE_ONLY___ ═
2026-05-12 13:29:20,509 INFO     ___FILE_ONLY___ ═
2026-05-12 13:29:20,509 INFO     ___FILE_ONLY___ ═
2026-05-12 13:29:20,509 INFO     ___FILE_ONLY___ ═
2026-05-12 13:29:20,509 INFO     ___FILE_ONLY___ ═
2026-05-12 13:29:20,510 INFO     ___FILE_ONLY___ ═
2026-05-12 13:29:20,510 INFO     ___FILE_ONLY___ ═
2026-05-12 13:29:20,510 INFO     ___FILE_ONLY___ ═
2026-05-12 13:29:20,510 INFO     ___FILE_ONLY___ ═
2026-05-12 13:29:20,511 INFO     ___FILE_ONLY___ ═
2026-05-12 13:29:20,511 INFO     ___FILE_ONLY___ ═
2026-05-12 13:29:20,511 INFO     ___FILE_ONLY___ ═
2026-05-12 13:29:20,511 INFO     ___FILE_ONLY___ ═
2026-05-12 13:29:20,512 INFO     ___FILE_ONLY___ ═
2026-05-12 13:29:20,512 INFO     ___FILE_ONLY___ ═
2026-05-12 13:29:20,512 INFO     ___FILE_ONLY___ ═
2026-05-12 13:29:20,512 INFO     ___FILE_ONLY___ ═
2026-05-12 13:29:20,512 INFO     ___FILE_ONLY___ ═
2026-05-12 13:29:20,513 INFO     ___FILE_ONLY___ ═
2026-05-12 13:29:20,513 INFO     ___FILE_ONLY___ ═
2026-05-12 13:29:20,513 INFO     ___FILE_ONLY___ ═
2026-05-12 13:29:20,513 INFO     ___FILE_ONLY___ ═
2026-05-12 13:29:20,513 INFO     ___FILE_ONLY___ ═
2026-05-12 13:29:20,514 INFO     ___FILE_ONLY___ ═
2026-05-12 13:29:20,514 INFO     ___FILE_ONLY___ ═
2026-05-12 13:29:20,514 INFO     ___FILE_ONLY___ ═
2026-05-12 13:29:20,514 INFO     ___FILE_ONLY___ ═
2026-05-12 13:29:20,515 INFO     ___FILE_ONLY___ ═
2026-05-12 13:29:20,515 INFO     ___FILE_ONLY___ ═
2026-05-12 13:29:20,515 INFO     ___FILE_ONLY___ ═
2026-05-12 13:29:20,515 INFO     ___FILE_ONLY___ ═
2026-05-12 13:29:20,515 INFO     ___FILE_ONLY___ ═
2026-05-12 13:29:20,515 INFO     ___FILE_ONLY___ ═
2026-05-12 13:29:20,515 INFO     ___FILE_ONLY___ ═
2026-05-12 13:29:20,515 INFO     ___FILE_ONLY___ ═
2026-05-12 13:29:20,515 INFO     ___FILE_ONLY___ ═
2026-05-12 13:29:20,516 INFO     ___FILE_ONLY___ ═
2026-05-12 13:29:20,516 INFO     ___FILE_ONLY___ ═
2026-05-12 13:29:20,516 INFO     ___FILE_ONLY___ ═
2026-05-12 13:29:20,516 INFO     ___FILE_ONLY___ ═
2026-05-12 13:29:20,516 INFO     ___FILE_ONLY___ ═
2026-05-12 13:29:20,516 INFO     ___FILE_ONLY___ ═
2026-05-12 13:29:20,516 INFO     ___FILE_ONLY___ ═
2026-05-12 13:29:20,516 INFO     ___FILE_ONLY___ ═
2026-05-12 13:29:20,516 INFO     ___FILE_ONLY___ ═
2026-05-12 13:29:20,517 INFO     ___FILE_ONLY___ ═
2026-05-12 13:29:20,517 INFO     ___FILE_ONLY___ ═
2026-05-12 13:29:20,517 INFO     ___FILE_ONLY___ ═
2026-05-12 13:29:20,517 INFO     ___FILE_ONLY___ ═
2026-05-12 13:29:20,517 INFO     ___FILE_ONLY___ ═
2026-05-12 13:29:20,517 INFO     ___FILE_ONLY___ ═
2026-05-12 13:29:20,517 INFO     ___FILE_ONLY___ ═
2026-05-12 13:29:20,517 INFO     ___FILE_ONLY___ ═
2026-05-12 13:29:20,517 INFO     ___FILE_ONLY___ ═
2026-05-12 13:29:20,517 INFO     ___FILE_ONLY___ ╝

2026-05-12 13:29:20,520 INFO     ___FILE_ONLY___ ╔════════════════════════════════════════════════════════════╗

2026-05-12 13:29:20,520 INFO     ___FILE_ONLY___ ╠═ Downloading: BigQuery Command Line Tool (Platform Spe... ═╣

2026-05-12 13:29:20,520 INFO     ___FILE_ONLY___ ╚
2026-05-12 13:29:20,521 DEBUG    root            On GCE from memory cache: False
2026-05-12 13:29:20,523 DEBUG    root            On GCE from memory cache: False
2026-05-12 13:29:20,525 DEBUG    urllib3.connectionpool Starting new HTTPS connection (1): dl.google.com:443
2026-05-12 13:29:20,596 DEBUG    urllib3.connectionpool https://dl.google.com:443 "GET /dl/cloudsdk/channels/rapid/components/google-cloud-sdk-bq-nix-20260424041539.tar.gz HTTP/1.1" 200 1948
2026-05-12 13:29:20,597 INFO     ___FILE_ONLY___ ════════════════════════════════════════════════════════════
2026-05-12 13:29:20,597 INFO     ___FILE_ONLY___ ╝

2026-05-12 13:29:20,600 INFO     ___FILE_ONLY___ ╔════════════════════════════════════════════════════════════╗

2026-05-12 13:29:20,600 INFO     ___FILE_ONLY___ ╠═ Downloading: Bundled Python 3.14                         ═╣

2026-05-12 13:29:20,600 INFO     ___FILE_ONLY___ ╚
2026-05-12 13:29:20,600 INFO     ___FILE_ONLY___ ════════════════════════════════════════════════════════════
2026-05-12 13:29:20,600 INFO     ___FILE_ONLY___ ╝

2026-05-12 13:29:20,601 INFO     ___FILE_ONLY___ ╔════════════════════════════════════════════════════════════╗

2026-05-12 13:29:20,602 INFO     ___FILE_ONLY___ ╠═ Downloading: Bundled Python 3.14 (Platform Specific)     ═╣

2026-05-12 13:29:20,602 INFO     ___FILE_ONLY___ ╚
2026-05-12 13:29:20,603 DEBUG    root            On GCE from memory cache: False
2026-05-12 13:29:20,604 DEBUG    root            On GCE from memory cache: False
2026-05-12 13:29:20,606 DEBUG    urllib3.connectionpool Starting new HTTPS connection (1): dl.google.com:443
2026-05-12 13:29:20,663 DEBUG    urllib3.connectionpool https://dl.google.com:443 "GET /dl/cloudsdk/channels/rapid/components/google-cloud-sdk-bundled-python3-unix-linux-x86_64-20260508041647.tar.gz HTTP/1.1" 200 27141728
2026-05-12 13:29:20,757 INFO     ___FILE_ONLY___ ═
2026-05-12 13:29:20,758 INFO     ___FILE_ONLY___ ═
2026-05-12 13:29:20,759 INFO     ___FILE_ONLY___ ═
2026-05-12 13:29:20,760 INFO     ___FILE_ONLY___ ═
2026-05-12 13:29:20,760 INFO     ___FILE_ONLY___ ═
2026-05-12 13:29:20,761 INFO     ___FILE_ONLY___ ═
2026-05-12 13:29:20,762 INFO     ___FILE_ONLY___ ═
2026-05-12 13:29:20,762 INFO     ___FILE_ONLY___ ═
2026-05-12 13:29:20,763 INFO     ___FILE_ONLY___ ═
2026-05-12 13:29:20,764 INFO     ___FILE_ONLY___ ═
2026-05-12 13:29:20,764 INFO     ___FILE_ONLY___ ═
2026-05-12 13:29:20,765 INFO     ___FILE_ONLY___ ═
2026-05-12 13:29:20,766 INFO     ___FILE_ONLY___ ═
2026-05-12 13:29:20,767 INFO     ___FILE_ONLY___ ═
2026-05-12 13:29:20,768 INFO     ___FILE_ONLY___ ═
2026-05-12 13:29:20,769 INFO     ___FILE_ONLY___ ═
2026-05-12 13:29:20,770 INFO     ___FILE_ONLY___ ═
2026-05-12 13:29:20,771 INFO     ___FILE_ONLY___ ═
2026-05-12 13:29:20,771 INFO     ___FILE_ONLY___ ═
2026-05-12 13:29:20,772 INFO     ___FILE_ONLY___ ═
2026-05-12 13:29:20,773 INFO     ___FILE_ONLY___ ═
2026-05-12 13:29:20,774 INFO     ___FILE_ONLY___ ═
2026-05-12 13:29:20,775 INFO     ___FILE_ONLY___ ═
2026-05-12 13:29:20,776 INFO     ___FILE_ONLY___ ═
2026-05-12 13:29:20,776 INFO     ___FILE_ONLY___ ═
2026-05-12 13:29:20,777 INFO     ___FILE_ONLY___ ═
2026-05-12 13:29:20,778 INFO     ___FILE_ONLY___ ═
2026-05-12 13:29:20,779 INFO     ___FILE_ONLY___ ═
2026-05-12 13:29:20,779 INFO     ___FILE_ONLY___ ═
2026-05-12 13:29:20,780 INFO     ___FILE_ONLY___ ═
2026-05-12 13:29:20,781 INFO     ___FILE_ONLY___ ═
2026-05-12 13:29:20,781 INFO     ___FILE_ONLY___ ═
2026-05-12 13:29:20,782 INFO     ___FILE_ONLY___ ═
2026-05-12 13:29:20,783 INFO     ___FILE_ONLY___ ═
2026-05-12 13:29:20,783 INFO     ___FILE_ONLY___ ═
2026-05-12 13:29:20,784 INFO     ___FILE_ONLY___ ═
2026-05-12 13:29:20,785 INFO     ___FILE_ONLY___ ═
2026-05-12 13:29:20,786 INFO     ___FILE_ONLY___ ═
2026-05-12 13:29:20,786 INFO     ___FILE_ONLY___ ═
2026-05-12 13:29:20,787 INFO     ___FILE_ONLY___ ═
2026-05-12 13:29:20,788 INFO     ___FILE_ONLY___ ═
2026-05-12 13:29:20,789 INFO     ___FILE_ONLY___ ═
2026-05-12 13:29:20,789 INFO     ___FILE_ONLY___ ═
2026-05-12 13:29:20,790 INFO     ___FILE_ONLY___ ═
2026-05-12 13:29:20,791 INFO     ___FILE_ONLY___ ═
2026-05-12 13:29:20,792 INFO     ___FILE_ONLY___ ═
2026-05-12 13:29:20,792 INFO     ___FILE_ONLY___ ═
2026-05-12 13:29:20,793 INFO     ___FILE_ONLY___ ═
2026-05-12 13:29:20,794 INFO     ___FILE_ONLY___ ═
2026-05-12 13:29:20,795 INFO     ___FILE_ONLY___ ═
2026-05-12 13:29:20,795 INFO     ___FILE_ONLY___ ═
2026-05-12 13:29:20,796 INFO     ___FILE_ONLY___ ═
2026-05-12 13:29:20,797 INFO     ___FILE_ONLY___ ═
2026-05-12 13:29:20,798 INFO     ___FILE_ONLY___ ═
2026-05-12 13:29:20,799 INFO     ___FILE_ONLY___ ═
2026-05-12 13:29:20,800 INFO     ___FILE_ONLY___ ═
2026-05-12 13:29:20,800 INFO     ___FILE_ONLY___ ═
2026-05-12 13:29:20,801 INFO     ___FILE_ONLY___ ═
2026-05-12 13:29:20,802 INFO     ___FILE_ONLY___ ═
2026-05-12 13:29:20,803 INFO     ___FILE_ONLY___ ═
2026-05-12 13:29:20,803 INFO     ___FILE_ONLY___ ╝

2026-05-12 13:29:20,805 INFO     ___FILE_ONLY___ ╔════════════════════════════════════════════════════════════╗

2026-05-12 13:29:20,805 INFO     ___FILE_ONLY___ ╠═ Downloading: Cloud Storage Command Line Tool             ═╣

2026-05-12 13:29:20,805 INFO     ___FILE_ONLY___ ╚
2026-05-12 13:29:20,806 DEBUG    root            On GCE from memory cache: False
2026-05-12 13:29:20,807 DEBUG    root            On GCE from memory cache: False
2026-05-12 13:29:20,808 DEBUG    urllib3.connectionpool Starting new HTTPS connection (1): dl.google.com:443
2026-05-12 13:29:20,884 DEBUG    urllib3.connectionpool https://dl.google.com:443 "GET /dl/cloudsdk/channels/rapid/components/google-cloud-sdk-gsutil-20260501041631.tar.gz HTTP/1.1" 200 12967034
2026-05-12 13:29:20,927 INFO     ___FILE_ONLY___ ═
2026-05-12 13:29:20,927 INFO     ___FILE_ONLY___ ═
2026-05-12 13:29:20,928 INFO     ___FILE_ONLY___ ═
2026-05-12 13:29:20,928 INFO     ___FILE_ONLY___ ═
2026-05-12 13:29:20,928 INFO     ___FILE_ONLY___ ═
2026-05-12 13:29:20,929 INFO     ___FILE_ONLY___ ═
2026-05-12 13:29:20,929 INFO     ___FILE_ONLY___ ═
2026-05-12 13:29:20,930 INFO     ___FILE_ONLY___ ═
2026-05-12 13:29:20,930 INFO     ___FILE_ONLY___ ═
2026-05-12 13:29:20,930 INFO     ___FILE_ONLY___ ═
2026-05-12 13:29:20,931 INFO     ___FILE_ONLY___ ═
2026-05-12 13:29:20,931 INFO     ___FILE_ONLY___ ═
2026-05-12 13:29:20,932 INFO     ___FILE_ONLY___ ═
2026-05-12 13:29:20,932 INFO     ___FILE_ONLY___ ═
2026-05-12 13:29:20,932 INFO     ___FILE_ONLY___ ═
2026-05-12 13:29:20,933 INFO     ___FILE_ONLY___ ═
2026-05-12 13:29:20,933 INFO     ___FILE_ONLY___ ═
2026-05-12 13:29:20,934 INFO     ___FILE_ONLY___ ═
2026-05-12 13:29:20,934 INFO     ___FILE_ONLY___ ═
2026-05-12 13:29:20,935 INFO     ___FILE_ONLY___ ═
2026-05-12 13:29:20,935 INFO     ___FILE_ONLY___ ═
2026-05-12 13:29:20,936 INFO     ___FILE_ONLY___ ═
2026-05-12 13:29:20,936 INFO     ___FILE_ONLY___ ═
2026-05-12 13:29:20,936 INFO     ___FILE_ONLY___ ═
2026-05-12 13:29:20,937 INFO     ___FILE_ONLY___ ═
2026-05-12 13:29:20,937 INFO     ___FILE_ONLY___ ═
2026-05-12 13:29:20,937 INFO     ___FILE_ONLY___ ═
2026-05-12 13:29:20,938 INFO     ___FILE_ONLY___ ═
2026-05-12 13:29:20,938 INFO     ___FILE_ONLY___ ═
2026-05-12 13:29:20,938 INFO     ___FILE_ONLY___ ═
2026-05-12 13:29:20,939 INFO     ___FILE_ONLY___ ═
2026-05-12 13:29:20,939 INFO     ___FILE_ONLY___ ═
2026-05-12 13:29:20,939 INFO     ___FILE_ONLY___ ═
2026-05-12 13:29:20,940 INFO     ___FILE_ONLY___ ═
2026-05-12 13:29:20,940 INFO     ___FILE_ONLY___ ═
2026-05-12 13:29:20,940 INFO     ___FILE_ONLY___ ═
2026-05-12 13:29:20,941 INFO     ___FILE_ONLY___ ═
2026-05-12 13:29:20,941 INFO     ___FILE_ONLY___ ═
2026-05-12 13:29:20,941 INFO     ___FILE_ONLY___ ═
2026-05-12 13:29:20,942 INFO     ___FILE_ONLY___ ═
2026-05-12 13:29:20,942 INFO     ___FILE_ONLY___ ═
2026-05-12 13:29:20,942 INFO     ___FILE_ONLY___ ═
2026-05-12 13:29:20,943 INFO     ___FILE_ONLY___ ═
2026-05-12 13:29:20,943 INFO     ___FILE_ONLY___ ═
2026-05-12 13:29:20,944 INFO     ___FILE_ONLY___ ═
2026-05-12 13:29:20,944 INFO     ___FILE_ONLY___ ═
2026-05-12 13:29:20,945 INFO     ___FILE_ONLY___ ═
2026-05-12 13:29:20,945 INFO     ___FILE_ONLY___ ═
2026-05-12 13:29:20,945 INFO     ___FILE_ONLY___ ═
2026-05-12 13:29:20,946 INFO     ___FILE_ONLY___ ═
2026-05-12 13:29:20,946 INFO     ___FILE_ONLY___ ═
2026-05-12 13:29:20,947 INFO     ___FILE_ONLY___ ═
2026-05-12 13:29:20,947 INFO     ___FILE_ONLY___ ═
2026-05-12 13:29:20,947 INFO     ___FILE_ONLY___ ═
2026-05-12 13:29:20,948 INFO     ___FILE_ONLY___ ═
2026-05-12 13:29:20,948 INFO     ___FILE_ONLY___ ═
2026-05-12 13:29:20,949 INFO     ___FILE_ONLY___ ═
2026-05-12 13:29:20,949 INFO     ___FILE_ONLY___ ═
2026-05-12 13:29:20,949 INFO     ___FILE_ONLY___ ═
2026-05-12 13:29:20,950 INFO     ___FILE_ONLY___ ═
2026-05-12 13:29:20,950 INFO     ___FILE_ONLY___ ╝

2026-05-12 13:29:20,952 INFO     ___FILE_ONLY___ ╔════════════════════════════════════════════════════════════╗

2026-05-12 13:29:20,952 INFO     ___FILE_ONLY___ ╠═ Downloading: Cloud Storage Command Line Tool (Platfor... ═╣

2026-05-12 13:29:20,952 INFO     ___FILE_ONLY___ ╚
2026-05-12 13:29:20,953 DEBUG    root            On GCE from memory cache: False
2026-05-12 13:29:20,954 DEBUG    root            On GCE from memory cache: False
2026-05-12 13:29:20,955 DEBUG    urllib3.connectionpool Starting new HTTPS connection (1): dl.google.com:443
2026-05-12 13:29:21,164 DEBUG    urllib3.connectionpool https://dl.google.com:443 "GET /dl/cloudsdk/channels/rapid/components/google-cloud-sdk-gsutil-nix-20260424041539.tar.gz HTTP/1.1" 200 1963
2026-05-12 13:29:21,165 INFO     ___FILE_ONLY___ ════════════════════════════════════════════════════════════
2026-05-12 13:29:21,165 INFO     ___FILE_ONLY___ ╝

2026-05-12 13:29:21,167 INFO     ___FILE_ONLY___ ╔════════════════════════════════════════════════════════════╗

2026-05-12 13:29:21,167 INFO     ___FILE_ONLY___ ╠═ Downloading: Default set of gcloud commands              ═╣

2026-05-12 13:29:21,167 INFO     ___FILE_ONLY___ ╚
2026-05-12 13:29:21,167 INFO     ___FILE_ONLY___ ════════════════════════════════════════════════════════════
2026-05-12 13:29:21,167 INFO     ___FILE_ONLY___ ╝

2026-05-12 13:29:21,169 INFO     ___FILE_ONLY___ ╔════════════════════════════════════════════════════════════╗

2026-05-12 13:29:21,169 INFO     ___FILE_ONLY___ ╠═ Downloading: Google Cloud CLI Core Libraries (Platfor... ═╣

2026-05-12 13:29:21,169 INFO     ___FILE_ONLY___ ╚
2026-05-12 13:29:21,170 DEBUG    root            On GCE from memory cache: False
2026-05-12 13:29:21,171 DEBUG    root            On GCE from memory cache: False
2026-05-12 13:29:21,172 DEBUG    urllib3.connectionpool Starting new HTTPS connection (1): dl.google.com:443
2026-05-12 13:29:21,379 DEBUG    urllib3.connectionpool https://dl.google.com:443 "GET /dl/cloudsdk/channels/rapid/components/google-cloud-sdk-core-nix-20260424041539.tar.gz HTTP/1.1" 200 2342
2026-05-12 13:29:21,379 INFO     ___FILE_ONLY___ ════════════════════════════════════════════════════════════
2026-05-12 13:29:21,380 INFO     ___FILE_ONLY___ ╝

2026-05-12 13:29:21,382 INFO     ___FILE_ONLY___ ╔════════════════════════════════════════════════════════════╗

2026-05-12 13:29:21,382 INFO     ___FILE_ONLY___ ╠═ Downloading: Google Cloud CRC32C Hash Tool               ═╣

2026-05-12 13:29:21,382 INFO     ___FILE_ONLY___ ╚
2026-05-12 13:29:21,382 INFO     ___FILE_ONLY___ ════════════════════════════════════════════════════════════
2026-05-12 13:29:21,382 INFO     ___FILE_ONLY___ ╝

2026-05-12 13:29:21,385 INFO     ___FILE_ONLY___ ╔════════════════════════════════════════════════════════════╗

2026-05-12 13:29:21,385 INFO     ___FILE_ONLY___ ╠═ Downloading: Google Cloud CRC32C Hash Tool (Platform ... ═╣

2026-05-12 13:29:21,385 INFO     ___FILE_ONLY___ ╚
2026-05-12 13:29:21,386 DEBUG    root            On GCE from memory cache: False
2026-05-12 13:29:21,387 DEBUG    root            On GCE from memory cache: False
2026-05-12 13:29:21,388 DEBUG    urllib3.connectionpool Starting new HTTPS connection (1): dl.google.com:443
2026-05-12 13:29:21,462 DEBUG    urllib3.connectionpool https://dl.google.com:443 "GET /dl/cloudsdk/channels/rapid/components/google-cloud-sdk-gcloud-crc32c-linux-x86_64-20260424041539.tar.gz HTTP/1.1" 200 1609375
2026-05-12 13:29:21,478 INFO     ___FILE_ONLY___ ═
2026-05-12 13:29:21,478 INFO     ___FILE_ONLY___ ═
2026-05-12 13:29:21,478 INFO     ___FILE_ONLY___ ═
2026-05-12 13:29:21,479 INFO     ___FILE_ONLY___ ═
2026-05-12 13:29:21,479 INFO     ___FILE_ONLY___ ═
2026-05-12 13:29:21,479 INFO     ___FILE_ONLY___ ═
2026-05-12 13:29:21,479 INFO     ___FILE_ONLY___ ═
2026-05-12 13:29:21,479 INFO     ___FILE_ONLY___ ═
2026-05-12 13:29:21,479 INFO     ___FILE_ONLY___ ═
2026-05-12 13:29:21,480 INFO     ___FILE_ONLY___ ═
2026-05-12 13:29:21,480 INFO     ___FILE_ONLY___ ═
2026-05-12 13:29:21,480 INFO     ___FILE_ONLY___ ═
2026-05-12 13:29:21,480 INFO     ___FILE_ONLY___ ═
2026-05-12 13:29:21,480 INFO     ___FILE_ONLY___ ═
2026-05-12 13:29:21,480 INFO     ___FILE_ONLY___ ═
2026-05-12 13:29:21,481 INFO     ___FILE_ONLY___ ═
2026-05-12 13:29:21,481 INFO     ___FILE_ONLY___ ═
2026-05-12 13:29:21,481 INFO     ___FILE_ONLY___ ═
2026-05-12 13:29:21,481 INFO     ___FILE_ONLY___ ═
2026-05-12 13:29:21,481 INFO     ___FILE_ONLY___ ═
2026-05-12 13:29:21,482 INFO     ___FILE_ONLY___ ═
2026-05-12 13:29:21,482 INFO     ___FILE_ONLY___ ═
2026-05-12 13:29:21,482 INFO     ___FILE_ONLY___ ═
2026-05-12 13:29:21,482 INFO     ___FILE_ONLY___ ═
2026-05-12 13:29:21,482 INFO     ___FILE_ONLY___ ═
2026-05-12 13:29:21,482 INFO     ___FILE_ONLY___ ═
2026-05-12 13:29:21,483 INFO     ___FILE_ONLY___ ═
2026-05-12 13:29:21,483 INFO     ___FILE_ONLY___ ═
2026-05-12 13:29:21,483 INFO     ___FILE_ONLY___ ═
2026-05-12 13:29:21,483 INFO     ___FILE_ONLY___ ═
2026-05-12 13:29:21,483 INFO     ___FILE_ONLY___ ═
2026-05-12 13:29:21,483 INFO     ___FILE_ONLY___ ═
2026-05-12 13:29:21,483 INFO     ___FILE_ONLY___ ═
2026-05-12 13:29:21,484 INFO     ___FILE_ONLY___ ═
2026-05-12 13:29:21,484 INFO     ___FILE_ONLY___ ═
2026-05-12 13:29:21,484 INFO     ___FILE_ONLY___ ═
2026-05-12 13:29:21,484 INFO     ___FILE_ONLY___ ═
2026-05-12 13:29:21,484 INFO     ___FILE_ONLY___ ═
2026-05-12 13:29:21,484 INFO     ___FILE_ONLY___ ═
2026-05-12 13:29:21,485 INFO     ___FILE_ONLY___ ═
2026-05-12 13:29:21,485 INFO     ___FILE_ONLY___ ═
2026-05-12 13:29:21,485 INFO     ___FILE_ONLY___ ═
2026-05-12 13:29:21,485 INFO     ___FILE_ONLY___ ═
2026-05-12 13:29:21,485 INFO     ___FILE_ONLY___ ═
2026-05-12 13:29:21,485 INFO     ___FILE_ONLY___ ═
2026-05-12 13:29:21,485 INFO     ___FILE_ONLY___ ═
2026-05-12 13:29:21,485 INFO     ___FILE_ONLY___ ═
2026-05-12 13:29:21,485 INFO     ___FILE_ONLY___ ═
2026-05-12 13:29:21,486 INFO     ___FILE_ONLY___ ═
2026-05-12 13:29:21,486 INFO     ___FILE_ONLY___ ═
2026-05-12 13:29:21,486 INFO     ___FILE_ONLY___ ═
2026-05-12 13:29:21,486 INFO     ___FILE_ONLY___ ═
2026-05-12 13:29:21,486 INFO     ___FILE_ONLY___ ═
2026-05-12 13:29:21,486 INFO     ___FILE_ONLY___ ═
2026-05-12 13:29:21,486 INFO     ___FILE_ONLY___ ═
2026-05-12 13:29:21,486 INFO     ___FILE_ONLY___ ═
2026-05-12 13:29:21,487 INFO     ___FILE_ONLY___ ═
2026-05-12 13:29:21,487 INFO     ___FILE_ONLY___ ═
2026-05-12 13:29:21,487 INFO     ___FILE_ONLY___ ═
2026-05-12 13:29:21,487 INFO     ___FILE_ONLY___ ═
2026-05-12 13:29:21,487 INFO     ___FILE_ONLY___ ╝

2026-05-12 13:29:21,489 INFO     ___FILE_ONLY___ ╔════════════════════════════════════════════════════════════╗

2026-05-12 13:29:21,489 INFO     ___FILE_ONLY___ ╠═ Downloading: gcloud cli dependencies (Platform Specific) ═╣

2026-05-12 13:29:21,489 INFO     ___FILE_ONLY___ ╚
2026-05-12 13:29:21,490 DEBUG    root            On GCE from memory cache: False
2026-05-12 13:29:21,491 DEBUG    root            On GCE from memory cache: False
2026-05-12 13:29:21,492 DEBUG    urllib3.connectionpool Starting new HTTPS connection (1): dl.google.com:443
2026-05-12 13:29:21,700 DEBUG    urllib3.connectionpool https://dl.google.com:443 "GET /dl/cloudsdk/channels/rapid/components/google-cloud-sdk-gcloud-deps-linux-x86_64-20210416153011.tar.gz HTTP/1.1" 200 104
2026-05-12 13:29:21,700 INFO     ___FILE_ONLY___ ════════════════════════════════════════════════════════════
2026-05-12 13:29:21,700 INFO     ___FILE_ONLY___ ╝

2026-05-12 13:29:21,703 INFO     ___FILE_ONLY___ ╔════════════════════════════════════════════════════════════╗

2026-05-12 13:29:21,703 INFO     ___FILE_ONLY___ ╠═ Installing: BigQuery Command Line Tool                   ═╣

2026-05-12 13:29:21,703 INFO     ___FILE_ONLY___ ╚
2026-05-12 13:29:21,806 INFO     ___FILE_ONLY___ ═
2026-05-12 13:29:21,809 INFO     ___FILE_ONLY___ ═
2026-05-12 13:29:21,812 INFO     ___FILE_ONLY___ ═
2026-05-12 13:29:21,816 INFO     ___FILE_ONLY___ ═
2026-05-12 13:29:21,819 INFO     ___FILE_ONLY___ ═
2026-05-12 13:29:21,823 INFO     ___FILE_ONLY___ ═
2026-05-12 13:29:21,825 INFO     ___FILE_ONLY___ ═
2026-05-12 13:29:21,829 INFO     ___FILE_ONLY___ ═
2026-05-12 13:29:21,832 INFO     ___FILE_ONLY___ ═
2026-05-12 13:29:21,835 INFO     ___FILE_ONLY___ ═
2026-05-12 13:29:21,838 INFO     ___FILE_ONLY___ ═
2026-05-12 13:29:21,841 INFO     ___FILE_ONLY___ ═
2026-05-12 13:29:21,844 INFO     ___FILE_ONLY___ ═
2026-05-12 13:29:21,847 INFO     ___FILE_ONLY___ ═
2026-05-12 13:29:21,850 INFO     ___FILE_ONLY___ ═
2026-05-12 13:29:21,853 INFO     ___FILE_ONLY___ ═
2026-05-12 13:29:21,855 INFO     ___FILE_ONLY___ ═
2026-05-12 13:29:21,859 INFO     ___FILE_ONLY___ ═
2026-05-12 13:29:21,862 INFO     ___FILE_ONLY___ ═
2026-05-12 13:29:21,864 INFO     ___FILE_ONLY___ ═
2026-05-12 13:29:21,867 INFO     ___FILE_ONLY___ ═
2026-05-12 13:29:21,869 INFO     ___FILE_ONLY___ ═
2026-05-12 13:29:21,871 INFO     ___FILE_ONLY___ ═
2026-05-12 13:29:21,874 INFO     ___FILE_ONLY___ ═
2026-05-12 13:29:21,876 INFO     ___FILE_ONLY___ ═
2026-05-12 13:29:21,879 INFO     ___FILE_ONLY___ ═
2026-05-12 13:29:21,881 INFO     ___FILE_ONLY___ ═
2026-05-12 13:29:21,883 INFO     ___FILE_ONLY___ ═
2026-05-12 13:29:21,885 INFO     ___FILE_ONLY___ ═
2026-05-12 13:29:21,887 INFO     ___FILE_ONLY___ ═
2026-05-12 13:29:21,889 INFO     ___FILE_ONLY___ ═
2026-05-12 13:29:21,890 INFO     ___FILE_ONLY___ ═
2026-05-12 13:29:21,892 INFO     ___FILE_ONLY___ ═
2026-05-12 13:29:21,896 INFO     ___FILE_ONLY___ ═
2026-05-12 13:29:21,898 INFO     ___FILE_ONLY___ ═
2026-05-12 13:29:21,900 INFO     ___FILE_ONLY___ ═
2026-05-12 13:29:21,903 INFO     ___FILE_ONLY___ ═
2026-05-12 13:29:21,907 INFO     ___FILE_ONLY___ ═
2026-05-12 13:29:21,915 INFO     ___FILE_ONLY___ ═
2026-05-12 13:29:21,923 INFO     ___FILE_ONLY___ ═
2026-05-12 13:29:21,925 INFO     ___FILE_ONLY___ ═
2026-05-12 13:29:21,928 INFO     ___FILE_ONLY___ ═
2026-05-12 13:29:21,931 INFO     ___FILE_ONLY___ ═
2026-05-12 13:29:21,933 INFO     ___FILE_ONLY___ ═
2026-05-12 13:29:21,936 INFO     ___FILE_ONLY___ ═
2026-05-12 13:29:21,941 INFO     ___FILE_ONLY___ ═
2026-05-12 13:29:21,943 INFO     ___FILE_ONLY___ ═
2026-05-12 13:29:21,946 INFO     ___FILE_ONLY___ ═
2026-05-12 13:29:21,948 INFO     ___FILE_ONLY___ ═
2026-05-12 13:29:21,950 INFO     ___FILE_ONLY___ ═
2026-05-12 13:29:21,953 INFO     ___FILE_ONLY___ ═
2026-05-12 13:29:21,955 INFO     ___FILE_ONLY___ ═
2026-05-12 13:29:21,958 INFO     ___FILE_ONLY___ ═
2026-05-12 13:29:21,961 INFO     ___FILE_ONLY___ ═
2026-05-12 13:29:21,963 INFO     ___FILE_ONLY___ ═
2026-05-12 13:29:21,965 INFO     ___FILE_ONLY___ ═
2026-05-12 13:29:21,968 INFO     ___FILE_ONLY___ ═
2026-05-12 13:29:21,970 INFO     ___FILE_ONLY___ ═
2026-05-12 13:29:21,972 INFO     ___FILE_ONLY___ ═
2026-05-12 13:29:21,975 INFO     ___FILE_ONLY___ ═
2026-05-12 13:29:21,975 INFO     ___FILE_ONLY___ ╝

2026-05-12 13:29:21,983 INFO     ___FILE_ONLY___ ╔════════════════════════════════════════════════════════════╗

2026-05-12 13:29:21,983 INFO     ___FILE_ONLY___ ╠═ Installing: BigQuery Command Line Tool (Platform Spec... ═╣

2026-05-12 13:29:21,983 INFO     ___FILE_ONLY___ ╚
2026-05-12 13:29:21,984 INFO     ___FILE_ONLY___ ════════════════════════════════════════════════════════════
2026-05-12 13:29:21,984 INFO     ___FILE_ONLY___ ╝

2026-05-12 13:29:22,015 INFO     ___FILE_ONLY___ ╔════════════════════════════════════════════════════════════╗

2026-05-12 13:29:22,015 INFO     ___FILE_ONLY___ ╠═ Installing: Bundled Python 3.14                          ═╣

2026-05-12 13:29:22,015 INFO     ___FILE_ONLY___ ╚
2026-05-12 13:29:22,020 INFO     ___FILE_ONLY___ ════════════════════════════════════════════════════════════
2026-05-12 13:29:22,021 INFO     ___FILE_ONLY___ ╝

2026-05-12 13:29:22,023 INFO     ___FILE_ONLY___ ╔════════════════════════════════════════════════════════════╗

2026-05-12 13:29:22,023 INFO     ___FILE_ONLY___ ╠═ Installing: Bundled Python 3.14 (Platform Specific)      ═╣

2026-05-12 13:29:22,023 INFO     ___FILE_ONLY___ ╚
2026-05-12 13:29:22,988 INFO     ___FILE_ONLY___ ═
2026-05-12 13:29:23,005 INFO     ___FILE_ONLY___ ═
2026-05-12 13:29:23,020 INFO     ___FILE_ONLY___ ═
2026-05-12 13:29:23,192 INFO     ___FILE_ONLY___ ═
2026-05-12 13:29:23,216 INFO     ___FILE_ONLY___ ═
2026-05-12 13:29:23,243 INFO     ___FILE_ONLY___ ═
2026-05-12 13:29:23,266 INFO     ___FILE_ONLY___ ═
2026-05-12 13:29:23,283 INFO     ___FILE_ONLY___ ═
2026-05-12 13:29:23,312 INFO     ___FILE_ONLY___ ═
2026-05-12 13:29:23,326 INFO     ___FILE_ONLY___ ═
2026-05-12 13:29:23,425 INFO     ___FILE_ONLY___ ═
2026-05-12 13:29:23,444 INFO     ___FILE_ONLY___ ═
2026-05-12 13:29:23,465 INFO     ___FILE_ONLY___ ═
2026-05-12 13:29:23,492 INFO     ___FILE_ONLY___ ═
2026-05-12 13:29:23,509 INFO     ___FILE_ONLY___ ═
2026-05-12 13:29:23,530 INFO     ___FILE_ONLY___ ═
2026-05-12 13:29:23,543 INFO     ___FILE_ONLY___ ═
2026-05-12 13:29:23,560 INFO     ___FILE_ONLY___ ═
2026-05-12 13:29:23,575 INFO     ___FILE_ONLY___ ═
2026-05-12 13:29:23,594 INFO     ___FILE_ONLY___ ═
2026-05-12 13:29:23,614 INFO     ___FILE_ONLY___ ═
2026-05-12 13:29:23,633 INFO     ___FILE_ONLY___ ═
2026-05-12 13:29:23,790 INFO     ___FILE_ONLY___ ═
2026-05-12 13:29:23,809 INFO     ___FILE_ONLY___ ═
2026-05-12 13:29:23,831 INFO     ___FILE_ONLY___ ═
2026-05-12 13:29:23,875 INFO     ___FILE_ONLY___ ═
2026-05-12 13:29:23,892 INFO     ___FILE_ONLY___ ═
2026-05-12 13:29:23,904 INFO     ___FILE_ONLY___ ═
2026-05-12 13:29:23,916 INFO     ___FILE_ONLY___ ═
2026-05-12 13:29:23,927 INFO     ___FILE_ONLY___ ═
2026-05-12 13:29:23,939 INFO     ___FILE_ONLY___ ═
2026-05-12 13:29:23,951 INFO     ___FILE_ONLY___ ═
2026-05-12 13:29:23,962 INFO     ___FILE_ONLY___ ═
2026-05-12 13:29:23,974 INFO     ___FILE_ONLY___ ═
2026-05-12 13:29:23,986 INFO     ___FILE_ONLY___ ═
2026-05-12 13:29:23,997 INFO     ___FILE_ONLY___ ═
2026-05-12 13:29:24,010 INFO     ___FILE_ONLY___ ═
2026-05-12 13:29:24,021 INFO     ___FILE_ONLY___ ═
2026-05-12 13:29:24,035 INFO     ___FILE_ONLY___ ═
2026-05-12 13:29:24,048 INFO     ___FILE_ONLY___ ═
2026-05-12 13:29:24,059 INFO     ___FILE_ONLY___ ═
2026-05-12 13:29:24,071 INFO     ___FILE_ONLY___ ═
2026-05-12 13:29:24,082 INFO     ___FILE_ONLY___ ═
2026-05-12 13:29:24,093 INFO     ___FILE_ONLY___ ═
2026-05-12 13:29:24,105 INFO     ___FILE_ONLY___ ═
2026-05-12 13:29:24,116 INFO     ___FILE_ONLY___ ═
2026-05-12 13:29:24,129 INFO     ___FILE_ONLY___ ═
2026-05-12 13:29:24,140 INFO     ___FILE_ONLY___ ═
2026-05-12 13:29:24,151 INFO     ___FILE_ONLY___ ═
2026-05-12 13:29:24,163 INFO     ___FILE_ONLY___ ═
2026-05-12 13:29:24,174 INFO     ___FILE_ONLY___ ═
2026-05-12 13:29:24,187 INFO     ___FILE_ONLY___ ═
2026-05-12 13:29:24,199 INFO     ___FILE_ONLY___ ═
2026-05-12 13:29:24,210 INFO     ___FILE_ONLY___ ═
2026-05-12 13:29:24,222 INFO     ___FILE_ONLY___ ═
2026-05-12 13:29:24,234 INFO     ___FILE_ONLY___ ═
2026-05-12 13:29:24,246 INFO     ___FILE_ONLY___ ═
2026-05-12 13:29:24,257 INFO     ___FILE_ONLY___ ═
2026-05-12 13:29:24,269 INFO     ___FILE_ONLY___ ═
2026-05-12 13:29:24,281 INFO     ___FILE_ONLY___ ═
2026-05-12 13:29:24,281 INFO     ___FILE_ONLY___ ╝

2026-05-12 13:29:24,323 INFO     ___FILE_ONLY___ ╔════════════════════════════════════════════════════════════╗

2026-05-12 13:29:24,323 INFO     ___FILE_ONLY___ ╠═ Installing: Cloud Storage Command Line Tool              ═╣

2026-05-12 13:29:24,323 INFO     ___FILE_ONLY___ ╚
2026-05-12 13:29:24,880 INFO     ___FILE_ONLY___ ═
2026-05-12 13:29:24,893 INFO     ___FILE_ONLY___ ═
2026-05-12 13:29:24,904 INFO     ___FILE_ONLY___ ═
2026-05-12 13:29:24,914 INFO     ___FILE_ONLY___ ═
2026-05-12 13:29:24,924 INFO     ___FILE_ONLY___ ═
2026-05-12 13:29:24,959 INFO     ___FILE_ONLY___ ═
2026-05-12 13:29:24,972 INFO     ___FILE_ONLY___ ═
2026-05-12 13:29:24,987 INFO     ___FILE_ONLY___ ═
2026-05-12 13:29:25,003 INFO     ___FILE_ONLY___ ═
2026-05-12 13:29:25,019 INFO     ___FILE_ONLY___ ═
2026-05-12 13:29:25,036 INFO     ___FILE_ONLY___ ═
2026-05-12 13:29:25,048 INFO     ___FILE_ONLY___ ═
2026-05-12 13:29:25,059 INFO     ___FILE_ONLY___ ═
2026-05-12 13:29:25,068 INFO     ___FILE_ONLY___ ═
2026-05-12 13:29:25,079 INFO     ___FILE_ONLY___ ═
2026-05-12 13:29:25,100 INFO     ___FILE_ONLY___ ═
2026-05-12 13:29:25,116 INFO     ___FILE_ONLY___ ═
2026-05-12 13:29:25,126 INFO     ___FILE_ONLY___ ═
2026-05-12 13:29:25,138 INFO     ___FILE_ONLY___ ═
2026-05-12 13:29:25,150 INFO     ___FILE_ONLY___ ═
2026-05-12 13:29:25,159 INFO     ___FILE_ONLY___ ═
2026-05-12 13:29:25,172 INFO     ___FILE_ONLY___ ═
2026-05-12 13:29:25,183 INFO     ___FILE_ONLY___ ═
2026-05-12 13:29:25,194 INFO     ___FILE_ONLY___ ═
2026-05-12 13:29:25,204 INFO     ___FILE_ONLY___ ═
2026-05-12 13:29:25,215 INFO     ___FILE_ONLY___ ═
2026-05-12 13:29:25,225 INFO     ___FILE_ONLY___ ═
2026-05-12 13:29:25,239 INFO     ___FILE_ONLY___ ═
2026-05-12 13:29:25,255 INFO     ___FILE_ONLY___ ═
2026-05-12 13:29:25,268 INFO     ___FILE_ONLY___ ═
2026-05-12 13:29:25,281 INFO     ___FILE_ONLY___ ═
2026-05-12 13:29:25,301 INFO     ___FILE_ONLY___ ═
2026-05-12 13:29:25,317 INFO     ___FILE_ONLY___ ═
2026-05-12 13:29:25,336 INFO     ___FILE_ONLY___ ═
2026-05-12 13:29:25,352 INFO     ___FILE_ONLY___ ═
2026-05-12 13:29:25,367 INFO     ___FILE_ONLY___ ═
2026-05-12 13:29:25,377 INFO     ___FILE_ONLY___ ═
2026-05-12 13:29:25,390 INFO     ___FILE_ONLY___ ═
2026-05-12 13:29:25,430 INFO     ___FILE_ONLY___ ═
2026-05-12 13:29:25,446 INFO     ___FILE_ONLY___ ═
2026-05-12 13:29:25,459 INFO     ___FILE_ONLY___ ═
2026-05-12 13:29:25,472 INFO     ___FILE_ONLY___ ═
2026-05-12 13:29:25,484 INFO     ___FILE_ONLY___ ═
2026-05-12 13:29:25,496 INFO     ___FILE_ONLY___ ═
2026-05-12 13:29:25,508 INFO     ___FILE_ONLY___ ═
2026-05-12 13:29:25,520 INFO     ___FILE_ONLY___ ═
2026-05-12 13:29:25,532 INFO     ___FILE_ONLY___ ═
2026-05-12 13:29:25,542 INFO     ___FILE_ONLY___ ═
2026-05-12 13:29:25,552 INFO     ___FILE_ONLY___ ═
2026-05-12 13:29:25,565 INFO     ___FILE_ONLY___ ═
2026-05-12 13:29:25,579 INFO     ___FILE_ONLY___ ═
2026-05-12 13:29:25,592 INFO     ___FILE_ONLY___ ═
2026-05-12 13:29:25,606 INFO     ___FILE_ONLY___ ═
2026-05-12 13:29:25,619 INFO     ___FILE_ONLY___ ═
2026-05-12 13:29:25,632 INFO     ___FILE_ONLY___ ═
2026-05-12 13:29:25,647 INFO     ___FILE_ONLY___ ═
2026-05-12 13:29:25,664 INFO     ___FILE_ONLY___ ═
2026-05-12 13:29:25,686 INFO     ___FILE_ONLY___ ═
2026-05-12 13:29:25,705 INFO     ___FILE_ONLY___ ═
2026-05-12 13:29:25,724 INFO     ___FILE_ONLY___ ═
2026-05-12 13:29:25,724 INFO     ___FILE_ONLY___ ╝

2026-05-12 13:29:25,755 INFO     ___FILE_ONLY___ ╔════════════════════════════════════════════════════════════╗

2026-05-12 13:29:25,755 INFO     ___FILE_ONLY___ ╠═ Installing: Cloud Storage Command Line Tool (Platform... ═╣

2026-05-12 13:29:25,755 INFO     ___FILE_ONLY___ ╚
2026-05-12 13:29:25,756 INFO     ___FILE_ONLY___ ════════════════════════════════════════════════════════════
2026-05-12 13:29:25,756 INFO     ___FILE_ONLY___ ╝

2026-05-12 13:29:25,761 INFO     ___FILE_ONLY___ ╔════════════════════════════════════════════════════════════╗

2026-05-12 13:29:25,761 INFO     ___FILE_ONLY___ ╠═ Installing: Default set of gcloud commands               ═╣

2026-05-12 13:29:25,761 INFO     ___FILE_ONLY___ ╚
2026-05-12 13:29:25,763 INFO     ___FILE_ONLY___ ════════════════════════════════════════════════════════════
2026-05-12 13:29:25,763 INFO     ___FILE_ONLY___ ╝

2026-05-12 13:29:25,765 INFO     ___FILE_ONLY___ ╔════════════════════════════════════════════════════════════╗

2026-05-12 13:29:25,765 INFO     ___FILE_ONLY___ ╠═ Installing: Google Cloud CLI Core Libraries (Platform... ═╣

2026-05-12 13:29:25,765 INFO     ___FILE_ONLY___ ╚
2026-05-12 13:29:25,766 INFO     ___FILE_ONLY___ ══════════════════════════════
2026-05-12 13:29:25,766 INFO     ___FILE_ONLY___ ══════════════════════════════
2026-05-12 13:29:25,766 INFO     ___FILE_ONLY___ ╝

2026-05-12 13:29:25,770 INFO     ___FILE_ONLY___ ╔════════════════════════════════════════════════════════════╗

2026-05-12 13:29:25,770 INFO     ___FILE_ONLY___ ╠═ Installing: Google Cloud CRC32C Hash Tool                ═╣

2026-05-12 13:29:25,771 INFO     ___FILE_ONLY___ ╚
2026-05-12 13:29:25,773 INFO     ___FILE_ONLY___ ════════════════════════════════════════════════════════════
2026-05-12 13:29:25,773 INFO     ___FILE_ONLY___ ╝

2026-05-12 13:29:25,774 INFO     ___FILE_ONLY___ ╔════════════════════════════════════════════════════════════╗

2026-05-12 13:29:25,775 INFO     ___FILE_ONLY___ ╠═ Installing: Google Cloud CRC32C Hash Tool (Platform S... ═╣

2026-05-12 13:29:25,775 INFO     ___FILE_ONLY___ ╚
2026-05-12 13:29:25,812 INFO     ___FILE_ONLY___ ══════════════════════════════
2026-05-12 13:29:25,813 INFO     ___FILE_ONLY___ ══════════════════════════════
2026-05-12 13:29:25,813 INFO     ___FILE_ONLY___ ╝

2026-05-12 13:29:25,818 INFO     ___FILE_ONLY___ ╔════════════════════════════════════════════════════════════╗

2026-05-12 13:29:25,818 INFO     ___FILE_ONLY___ ╠═ Installing: gcloud cli dependencies (Platform Specific)  ═╣

2026-05-12 13:29:25,818 INFO     ___FILE_ONLY___ ╚
2026-05-12 13:29:25,818 INFO     ___FILE_ONLY___ ════════════════════════════════════════════════════════════
2026-05-12 13:29:25,819 INFO     ___FILE_ONLY___ ╝

2026-05-12 13:29:25,824 DEBUG    root            Updating notification cache...
2026-05-12 13:29:25,824 INFO     ___FILE_ONLY___ 

2026-05-12 13:29:25,826 INFO     ___FILE_ONLY___ Performing post processing steps...
2026-05-12 13:29:25,826 DEBUG    root            Executing command: ['/tools/google-cloud-sdk/bin/gcloud', 'components', 'post-process']
2026-05-12 13:29:38,032 DEBUG    ___FILE_ONLY___ 
2026-05-12 13:29:38,032 DEBUG    ___FILE_ONLY___ 
2026-05-12 13:29:38,125 INFO     root            descriptor_list: [{'universeDomain': 'googleapis.com', 'universeShortName': '', 'authenticationDomain': 'auth.cloud.google.com', 'projectPrefix': '', 'cloudWebDomain': 'cloud.google.com', 'documentationDomain': 'cloud.google.com', 'version': '1.0.0', 'state': 'primary', 'artifactRegistryDomain': 'pkg.dev'}]
2026-05-12 13:29:38,126 INFO     ___FILE_ONLY___ 
Update done!


2026-05-12 13:29:38,130 DEBUG    root            Chosen display Format:none
2026-05-12 13:29:38,130 INFO     root            Display format: "none"
